2020-12-07 18:47:11.080  INFO 18156 --- [restartedMain] c.c.c.ConfigServicePropertySourceLocator : Fetching config from server at : http://localhost:8888
2020-12-07 18:47:13.490  INFO 18156 --- [restartedMain] c.c.c.ConfigServicePropertySourceLocator : Connect Timeout Exception on Url - http://localhost:8888. Will be trying the next url if available
2020-12-07 18:47:13.491  WARN 18156 --- [restartedMain] c.c.c.ConfigServicePropertySourceLocator : Could not locate PropertySource: I/O error on GET request for "http://localhost:8888/application/default": Connection refused: connect; nested exception is java.net.ConnectException: Connection refused: connect
2020-12-07 18:47:13.505  INFO 18156 --- [restartedMain] by.testbot.TestbotApplication            : No active profile set, falling back to default profiles: default
2020-12-07 18:47:14.629  INFO 18156 --- [restartedMain] .s.d.r.c.RepositoryConfigurationDelegate : Bootstrapping Spring Data JPA repositories in DEFAULT mode.
2020-12-07 18:47:14.812  INFO 18156 --- [restartedMain] .s.d.r.c.RepositoryConfigurationDelegate : Finished Spring Data repository scanning in 164ms. Found 7 JPA repository interfaces.
2020-12-07 18:47:15.357  INFO 18156 --- [restartedMain] o.s.cloud.context.scope.GenericScope     : BeanFactory id=1b279431-0a72-3c99-911b-2e675e973d3a
2020-12-07 18:47:15.457  INFO 18156 --- [restartedMain] trationDelegate$BeanPostProcessorChecker : Bean 'by.testbot.proxy.ViberProxy' of type [org.springframework.cloud.openfeign.FeignClientFactoryBean] is not eligible for getting processed by all BeanPostProcessors (for example: not eligible for auto-proxying)
2020-12-07 18:47:16.771  INFO 18156 --- [restartedMain] o.s.b.w.embedded.tomcat.TomcatWebServer  : Tomcat initialized with port(s): 5000 (http)
2020-12-07 18:47:16.810  INFO 18156 --- [restartedMain] o.apache.catalina.core.StandardService   : Starting service [Tomcat]
2020-12-07 18:47:16.812  INFO 18156 --- [restartedMain] org.apache.catalina.core.StandardEngine  : Starting Servlet engine: [Apache Tomcat/9.0.39]
2020-12-07 18:47:17.141  INFO 18156 --- [restartedMain] o.a.c.c.C.[Tomcat].[localhost].[/]       : Initializing Spring embedded WebApplicationContext
2020-12-07 18:47:17.145  INFO 18156 --- [restartedMain] w.s.c.ServletWebServerApplicationContext : Root WebApplicationContext: initialization completed in 3586 ms
2020-12-07 18:47:17.665  INFO 18156 --- [restartedMain] o.hibernate.jpa.internal.util.LogHelper  : HHH000204: Processing PersistenceUnitInfo [name: default]
2020-12-07 18:47:17.806  INFO 18156 --- [restartedMain] org.hibernate.Version                    : HHH000412: Hibernate ORM core version 5.4.22.Final
2020-12-07 18:47:18.337  INFO 18156 --- [restartedMain] o.hibernate.annotations.common.Version   : HCANN000001: Hibernate Commons Annotations {5.1.0.Final}
2020-12-07 18:47:18.492  INFO 18156 --- [restartedMain] com.zaxxer.hikari.HikariDataSource       : HikariPool-1 - Starting...
2020-12-07 18:47:19.245  INFO 18156 --- [restartedMain] com.zaxxer.hikari.HikariDataSource       : HikariPool-1 - Start completed.
2020-12-07 18:47:19.311  INFO 18156 --- [restartedMain] org.hibernate.dialect.Dialect            : HHH000400: Using dialect: org.hibernate.dialect.MySQL5InnoDBDialect
2020-12-07 18:47:21.093  INFO 18156 --- [restartedMain] o.h.e.t.j.p.i.JtaPlatformInitiator       : HHH000490: Using JtaPlatform implementation: [org.hibernate.engine.transaction.jta.platform.internal.NoJtaPlatform]
2020-12-07 18:47:21.103  INFO 18156 --- [restartedMain] j.LocalContainerEntityManagerFactoryBean : Initialized JPA EntityManagerFactory for persistence unit 'default'
2020-12-07 18:47:21.139  INFO 18156 --- [restartedMain] o.s.b.d.a.OptionalLiveReloadServer       : LiveReload server is running on port 35729
2020-12-07 18:47:21.314  WARN 18156 --- [restartedMain] JpaBaseConfiguration$JpaWebConfiguration : spring.jpa.open-in-view is enabled by default. Therefore, database queries may be performed during view rendering. Explicitly configure spring.jpa.open-in-view to disable this warning
2020-12-07 18:47:22.544  INFO 18156 --- [restartedMain] o.s.s.concurrent.ThreadPoolTaskExecutor  : Initializing ExecutorService
2020-12-07 18:47:22.545  INFO 18156 --- [restartedMain] o.s.s.concurrent.ThreadPoolTaskExecutor  : Initializing ExecutorService 'threadPoolTaskExecutor'
2020-12-07 18:47:22.569  WARN 18156 --- [restartedMain] o.s.c.n.a.ArchaiusAutoConfiguration      : No spring.application.name found, defaulting to 'application'
2020-12-07 18:47:22.577  WARN 18156 --- [restartedMain] c.n.c.sources.URLConfigurationSource     : No URLs will be polled as dynamic configuration sources.
2020-12-07 18:47:22.586  INFO 18156 --- [restartedMain] c.n.c.sources.URLConfigurationSource     : To enable URLs as dynamic configuration sources, define System property archaius.configurationSource.additionalUrls or make config.properties available on classpath.
2020-12-07 18:47:22.616  WARN 18156 --- [restartedMain] c.n.c.sources.URLConfigurationSource     : No URLs will be polled as dynamic configuration sources.
2020-12-07 18:47:22.622  INFO 18156 --- [restartedMain] c.n.c.sources.URLConfigurationSource     : To enable URLs as dynamic configuration sources, define System property archaius.configurationSource.additionalUrls or make config.properties available on classpath.
2020-12-07 18:47:23.847  INFO 18156 --- [restartedMain] o.s.b.w.embedded.tomcat.TomcatWebServer  : Tomcat started on port(s): 5000 (http) with context path ''
2020-12-07 18:47:24.193  INFO 18156 --- [restartedMain] by.testbot.TestbotApplication            : Started TestbotApplication in 14.721 seconds (JVM running for 15.459)
2020-12-07 18:47:25.461 ERROR 18156 --- [restartedMain] by.testbot.services.viber.ViberService   : Webhook not setted with code: INVALID_URL, with message: Result[HttpRequest[POST / HTTP/1.1]@5b33cea9 > HttpResponse[HTTP/1.1 404 Not Found]@afda21a] null
2020-12-07 18:47:25.482  INFO 18156 --- [threadPoolTaskExecutor-1] b.t.s.async.BroadcastServiceAsync        : Postpone message service started
2020-12-07 18:47:44.276  INFO 18156 --- [SpringContextShutdownHook] o.s.s.concurrent.ThreadPoolTaskExecutor  : Shutting down ExecutorService 'threadPoolTaskExecutor'
2020-12-07 18:47:44.277  INFO 18156 --- [threadPoolTaskExecutor-1] b.t.s.async.BroadcastServiceAsync        : Postpone message service stopped: sleep interrupted
2020-12-07 18:47:47.277  WARN 18156 --- [SpringContextShutdownHook] o.s.s.concurrent.ThreadPoolTaskExecutor  : Timed out while waiting for executor 'threadPoolTaskExecutor' to terminate
2020-12-07 18:47:47.281  INFO 18156 --- [SpringContextShutdownHook] j.LocalContainerEntityManagerFactoryBean : Closing JPA EntityManagerFactory for persistence unit 'default'
2020-12-07 18:47:47.342  INFO 18156 --- [SpringContextShutdownHook] com.zaxxer.hikari.HikariDataSource       : HikariPool-1 - Shutdown initiated...
2020-12-07 18:47:47.384  INFO 18156 --- [SpringContextShutdownHook] com.zaxxer.hikari.HikariDataSource       : HikariPool-1 - Shutdown completed.
